<?xml version="1.0" encoding="UTF-8"?>
<testsuite xmlns:xsi="http://www.w3.org/2001/XMLSchema-instance" xsi:noNamespaceSchemaLocation="https://maven.apache.org/surefire/maven-surefire-plugin/xsd/surefire-test-report.xsd" version="3.0.2" name="tn.esprim.gestion_employes.GestionEmployesApplicationTests" time="6.54" tests="1" errors="0" skipped="0" failures="0">
  <properties>
[...]
</properties>
  <testcase name="contextLoads" classname="tn.esprim.gestion_employes.GestionEmployesApplicationTests" time="0.629">
    <system-out><![CDATA[21:33:34.948 [main] INFO org.springframework.test.context.support.AnnotationConfigContextLoaderUtils -- Could not detect default configuration classes for test class [tn.esprim.gestion_employes.GestionEmployesApplicationTests]: GestionEmployesApplicationTests does not declare any static, non-private, non-final, nested classes annotated with @Configuration.
21:33:35.117 [main] INFO org.springframework.boot.test.context.SpringBootTestContextBootstrapper -- Found @SpringBootConfiguration tn.esprim.gestion_employes.GestionEmployesApplication for test class tn.esprim.gestion_employes.GestionEmployesApplicationTests
21:33:35.347 [main] INFO org.springframework.boot.devtools.restart.RestartApplicationListener -- Restart disabled due to context in which it is running

  .   ____          _            __ _ _
 /\\ / ___'_ __ _ _(_)_ __  __ _ \ \ \ \
( ( )\___ | '_ | '_| | '_ \/ _` | \ \ \ \
 \\/  ___)| |_)| | | | | || (_| |  ) ) ) )
  '  |____| .__|_| |_|_| |_\__, | / / / /
 =========|_|==============|___/=/_/_/_/

 :: Spring Boot ::                (v3.4.4)

2025-03-24T21:33:35.859+01:00  INFO 6032 --- [gestion-employes] [           main] t.e.g.GestionEmployesApplicationTests    : Starting GestionEmployesApplicationTests using Java 23.0.1 with PID 6032 (started by USER in C:\Users\USER\worckspaceintellij\gestion-employes\gestion-employes)
2025-03-24T21:33:35.862+01:00  INFO 6032 --- [gestion-employes] [           main] t.e.g.GestionEmployesApplicationTests    : No active profile set, falling back to 1 default profile: "default"
2025-03-24T21:33:36.814+01:00  INFO 6032 --- [gestion-employes] [           main] .s.d.r.c.RepositoryConfigurationDelegate : Bootstrapping Spring Data JPA repositories in DEFAULT mode.
2025-03-24T21:33:36.895+01:00  INFO 6032 --- [gestion-employes] [           main] .s.d.r.c.RepositoryConfigurationDelegate : Finished Spring Data repository scanning in 68 ms. Found 3 JPA repository interfaces.
2025-03-24T21:33:37.453+01:00  INFO 6032 --- [gestion-employes] [           main] o.hibernate.jpa.internal.util.LogHelper  : HHH000204: Processing PersistenceUnitInfo [name: default]
2025-03-24T21:33:37.539+01:00  INFO 6032 --- [gestion-employes] [           main] org.hibernate.Version                    : HHH000412: Hibernate ORM core version 6.6.11.Final
2025-03-24T21:33:37.595+01:00  INFO 6032 --- [gestion-employes] [           main] o.h.c.internal.RegionFactoryInitiator    : HHH000026: Second-level cache disabled
2025-03-24T21:33:37.989+01:00  INFO 6032 --- [gestion-employes] [           main] o.s.o.j.p.SpringPersistenceUnitInfo      : No LoadTimeWeaver setup: ignoring JPA class transformer
2025-03-24T21:33:38.048+01:00  INFO 6032 --- [gestion-employes] [           main] com.zaxxer.hikari.HikariDataSource       : HikariPool-1 - Starting...
2025-03-24T21:33:38.285+01:00  INFO 6032 --- [gestion-employes] [           main] com.zaxxer.hikari.pool.HikariPool        : HikariPool-1 - Added connection com.mysql.cj.jdbc.ConnectionImpl@1bb96449
2025-03-24T21:33:38.287+01:00  INFO 6032 --- [gestion-employes] [           main] com.zaxxer.hikari.HikariDataSource       : HikariPool-1 - Start completed.
2025-03-24T21:33:38.348+01:00  WARN 6032 --- [gestion-employes] [           main] org.hibernate.dialect.Dialect            : HHH000511: The 5.5.5 version for [org.hibernate.dialect.MySQLDialect] is no longer supported, hence certain features may not work properly. The minimum supported version is 8.0.0. Check the community dialects project for available legacy versions.
2025-03-24T21:33:38.356+01:00  WARN 6032 --- [gestion-employes] [           main] org.hibernate.orm.deprecation            : HHH90000025: MySQLDialect does not need to be specified explicitly using 'hibernate.dialect' (remove the property setting and it will be selected by default)
2025-03-24T21:33:38.388+01:00  INFO 6032 --- [gestion-employes] [           main] org.hibernate.orm.connections.pooling    : HHH10001005: Database info:
	Database JDBC URL [Connecting through datasource 'HikariDataSource (HikariPool-1)']
	Database driver: undefined/unknown
	Database version: 5.5.5
	Autocommit mode: undefined/unknown
	Isolation level: undefined/unknown
	Minimum pool size: undefined/unknown
	Maximum pool size: undefined/unknown
2025-03-24T21:33:39.425+01:00  INFO 6032 --- [gestion-employes] [           main] o.h.e.t.j.p.i.JtaPlatformInitiator       : HHH000489: No JTA platform available (set 'hibernate.transaction.jta.platform' to enable JTA platform integration)
2025-03-24T21:33:39.517+01:00  INFO 6032 --- [gestion-employes] [           main] j.LocalContainerEntityManagerFactoryBean : Initialized JPA EntityManagerFactory for persistence unit 'default'
2025-03-24T21:33:40.114+01:00  WARN 6032 --- [gestion-employes] [           main] JpaBaseConfiguration$JpaWebConfiguration : spring.jpa.open-in-view is enabled by default. Therefore, database queries may be performed during view rendering. Explicitly configure spring.jpa.open-in-view to disable this warning
2025-03-24T21:33:40.641+01:00  INFO 6032 --- [gestion-employes] [           main] t.e.g.GestionEmployesApplicationTests    : Started GestionEmployesApplicationTests in 5.311 seconds (process running for 7.114)
]]></system-out>
    <system-err><![CDATA[Mockito is currently self-attaching to enable the inline-mock-maker. This will no longer work in future releases of the JDK. Please add Mockito as an agent to your build what is described in Mockito's documentation: https://javadoc.io/doc/org.mockito/mockito-core/latest/org/mockito/Mockito.html#0.3
WARNING: A Java agent has been loaded dynamically (C:\Users\USER\.m2\repository\net\bytebuddy\byte-buddy-agent\1.15.11\byte-buddy-agent-1.15.11.jar)
WARNING: If a serviceability tool is in use, please run with -XX:+EnableDynamicAgentLoading to hide this warning
WARNING: If a serviceability tool is not in use, please run with -Djdk.instrument.traceUsage for more information
WARNING: Dynamic loading of agents will be disallowed by default in a future release
]]></system-err>
  </testcase>
</testsuite>